nohup: no se tendrá en cuenta la entrada
Usando la configuración de inicio de /home/william/Documentos/aplicaciones/sistema de tienda backend/Properties/launchSettings.json...
Compilando...
info: Microsoft.EntityFrameworkCore.Database.Command[20101]
      Executed DbCommand (88ms) [Parameters=[], CommandType='Text', CommandTimeout='30']
      SELECT EXISTS (
          SELECT 1
          FROM "Usuarios" AS u
          WHERE lower(u."NombreUsuario") = 'admin')
info: Microsoft.EntityFrameworkCore.Database.Command[20101]
      Executed DbCommand (73ms) [Parameters=[], CommandType='Text', CommandTimeout='30']
      SELECT EXISTS (
          SELECT 1
          FROM "Configuraciones" AS c
          WHERE c."Clave" = 'TipoCambioDolar')
info: Microsoft.EntityFrameworkCore.Database.Command[20101]
      Executed DbCommand (75ms) [Parameters=[], CommandType='Text', CommandTimeout='30']
      SELECT EXISTS (
          SELECT 1
          FROM "PlantillasMensajeWhatsApp" AS p)
info: Microsoft.Hosting.Lifetime[14]
      Now listening on: http://127.0.0.1:5000
info: Microsoft.Hosting.Lifetime[0]
      Application started. Press Ctrl+C to shut down.
info: Microsoft.Hosting.Lifetime[0]
      Hosting environment: Development
info: Microsoft.Hosting.Lifetime[0]
      Content root path: /home/william/Documentos/aplicaciones/sistema de tienda backend
warn: Microsoft.AspNetCore.HttpsPolicy.HttpsRedirectionMiddleware[3]
      Failed to determine the https port for redirect.
info: Microsoft.EntityFrameworkCore.Database.Command[20101]
      Executed DbCommand (81ms) [Parameters=[@__ToLower_0='?'], CommandType='Text', CommandTimeout='30']
      SELECT u."Id", u."Activo", u."Contrasena", u."Email", u."FechaCreacion", u."NombreCompleto", u."NombreUsuario", u."Rol"
      FROM "Usuarios" AS u
      WHERE lower(u."NombreUsuario") = @__ToLower_0 AND u."Activo"
      LIMIT 1
info: Microsoft.EntityFrameworkCore.Database.Command[20101]
      Executed DbCommand (87ms) [Parameters=[@p0='?' (DbType = DateTime), @p1='?' (DbType = DateTime), @p2='?', @p3='?', @p4='?', @p5='?' (DbType = DateTime), @p6='?', @p7='?' (DbType = Int32)], CommandType='Text', CommandTimeout='30']
      INSERT INTO "RefreshTokens" ("CreadoEnUtc", "ExpiraEnUtc", "JwtId", "MotivoRevocacion", "ReemplazadoPorTokenHash", "RevocadoEnUtc", "TokenHash", "UsuarioId")
      VALUES (@p0, @p1, @p2, @p3, @p4, @p5, @p6, @p7)
      RETURNING "Id";
info: Microsoft.EntityFrameworkCore.Database.Command[20101]
      Executed DbCommand (96ms) [Parameters=[@__categoria_Nombre_0='?'], CommandType='Text', CommandTimeout='30']
      SELECT EXISTS (
          SELECT 1
          FROM "CategoriasProducto" AS c
          WHERE c."Nombre" = @__categoria_Nombre_0)
info: Microsoft.EntityFrameworkCore.Database.Command[20101]
      Executed DbCommand (80ms) [Parameters=[@p0='?' (DbType = Boolean), @p1='?', @p2='?' (DbType = DateTime), @p3='?'], CommandType='Text', CommandTimeout='30']
      INSERT INTO "CategoriasProducto" ("Activo", "Descripcion", "FechaCreacion", "Nombre")
      VALUES (@p0, @p1, @p2, @p3)
      RETURNING "Id";
info: Microsoft.EntityFrameworkCore.Database.Command[20101]
      Executed DbCommand (80ms) [Parameters=[], CommandType='Text', CommandTimeout='30']
      SELECT c."Id", c."Activo", c."Descripcion", c."FechaCreacion", c."Nombre", p."Id", p."Activo", p."CategoriaProductoId", p."Codigo", p."ControlarStock", p."Descripcion", p."FechaActualizacion", p."FechaCreacion", p."ImagenUrl", p."Nombre", p."Precio", p."PrecioCompra", p."ProveedorId", p."StockMinimo", p."StockTotal"
      FROM "CategoriasProducto" AS c
      LEFT JOIN "Productos" AS p ON c."Id" = p."CategoriaProductoId"
      ORDER BY c."Nombre", c."Id"
info: Microsoft.EntityFrameworkCore.Database.Command[20101]
      Executed DbCommand (92ms) [Parameters=[@__p_0='?' (DbType = Int32)], CommandType='Text', CommandTimeout='30']
      SELECT c."Id", c."Activo", c."Descripcion", c."FechaCreacion", c."Nombre"
      FROM "CategoriasProducto" AS c
      WHERE c."Id" = @__p_0
      LIMIT 1
info: Microsoft.EntityFrameworkCore.Database.Command[20101]
      Executed DbCommand (76ms) [Parameters=[], CommandType='Text', CommandTimeout='30']
      SELECT max(p."Id")
      FROM "Productos" AS p
info: Microsoft.EntityFrameworkCore.Database.Command[20101]
      Executed DbCommand (72ms) [Parameters=[@__request_Codigo_0='?'], CommandType='Text', CommandTimeout='30']
      SELECT EXISTS (
          SELECT 1
          FROM "Productos" AS p
          WHERE p."Codigo" = @__request_Codigo_0)
info: Microsoft.EntityFrameworkCore.Database.Command[20101]
      Executed DbCommand (133ms) [Parameters=[@__fDesde_0='?' (DbType = DateTime), @__fHasta_1='?' (DbType = DateTime)], CommandType='Text', CommandTimeout='30']
      SELECT v."Id", v."ClienteId", v."Descuento", v."Estado", v."Fecha", v."FechaActualizacion", v."Impuesto", v."MetodoPago", v."Monto", v."Numero", v."Observaciones", v."Subtotal", v."Total", v."UsuarioId", c."Id", c."Activo", c."Cedula", c."Codigo", c."Direccion", c."Email", c."FechaRegistro", c."Nombre", c."Telefono", c."TotalGastado", c."TotalVentas", u."Id", u."Activo", u."Contrasena", u."Email", u."FechaCreacion", u."NombreCompleto", u."NombreUsuario", u."Rol"
      FROM "Ventas" AS v
      LEFT JOIN "Clientes" AS c ON v."ClienteId" = c."Id"
      INNER JOIN "Usuarios" AS u ON v."UsuarioId" = u."Id"
      WHERE v."Estado" IN ('Pagado', 'Completada') AND v."Fecha" >= @__fDesde_0 AND v."Fecha" <= @__fHasta_1
      ORDER BY v."Fecha", v."Id"
